[0.062s] DEBUG:colcon:Command line arguments: ['/usr/bin/colcon', 'build']
[0.062s] DEBUG:colcon:Parsed command line arguments: Namespace(log_base=None, log_level=None, verb_name='build', build_base='build', install_base='install', merge_install=False, symlink_install=False, test_result_base=None, continue_on_error=False, executor='parallel', parallel_workers=20, event_handlers=None, ignore_user_meta=False, metas=['./colcon.meta'], base_paths=['.'], packages_ignore=None, packages_ignore_regex=None, paths=None, packages_up_to=None, packages_up_to_regex=None, packages_above=None, packages_above_and_dependencies=None, packages_above_depth=None, packages_select_by_dep=None, packages_skip_by_dep=None, packages_skip_up_to=None, packages_select_build_failed=False, packages_skip_build_finished=False, packages_select_test_failures=False, packages_skip_test_passed=False, packages_select=None, packages_skip=None, packages_select_regex=None, packages_skip_regex=None, packages_start=None, packages_end=None, allow_overriding=[], cmake_args=None, cmake_target=None, cmake_target_skip_unavailable=False, cmake_clean_cache=False, cmake_clean_first=False, cmake_force_configure=False, ament_cmake_args=None, catkin_cmake_args=None, catkin_skip_building_tests=False, verb_parser=<colcon_defaults.argument_parser.defaults.DefaultArgumentsDecorator object at 0x76b6afe78a30>, verb_extension=<colcon_core.verb.build.BuildVerb object at 0x76b6afe784c0>, main=<bound method BuildVerb.main of <colcon_core.verb.build.BuildVerb object at 0x76b6afe784c0>>)
[0.147s] Level 1:colcon.colcon_core.package_discovery:discover_packages(colcon_meta) check parameters
[0.147s] Level 1:colcon.colcon_core.package_discovery:discover_packages(recursive) check parameters
[0.147s] Level 1:colcon.colcon_core.package_discovery:discover_packages(ignore) check parameters
[0.147s] Level 1:colcon.colcon_core.package_discovery:discover_packages(path) check parameters
[0.147s] Level 1:colcon.colcon_core.package_discovery:discover_packages(colcon_meta) discover
[0.147s] Level 1:colcon.colcon_core.package_discovery:discover_packages(recursive) discover
[0.147s] INFO:colcon.colcon_core.package_discovery:Crawling recursively for packages in '/home/teety/GitHub/FUN4'
[0.147s] Level 1:colcon.colcon_core.package_identification:_identify(.) by extensions ['ignore', 'ignore_ament_install']
[0.147s] Level 1:colcon.colcon_core.package_identification:_identify(.) by extension 'ignore'
[0.147s] Level 1:colcon.colcon_core.package_identification:_identify(.) by extension 'ignore_ament_install'
[0.147s] Level 1:colcon.colcon_core.package_identification:_identify(.) by extensions ['colcon_pkg']
[0.147s] Level 1:colcon.colcon_core.package_identification:_identify(.) by extension 'colcon_pkg'
[0.147s] Level 1:colcon.colcon_core.package_identification:_identify(.) by extensions ['colcon_meta']
[0.147s] Level 1:colcon.colcon_core.package_identification:_identify(.) by extension 'colcon_meta'
[0.147s] Level 1:colcon.colcon_core.package_identification:_identify(.) by extensions ['ros']
[0.147s] Level 1:colcon.colcon_core.package_identification:_identify(.) by extension 'ros'
[0.152s] Level 1:colcon.colcon_core.package_identification:_identify(.) by extensions ['cmake', 'python']
[0.152s] Level 1:colcon.colcon_core.package_identification:_identify(.) by extension 'cmake'
[0.152s] Level 1:colcon.colcon_core.package_identification:_identify(.) by extension 'python'
[0.152s] Level 1:colcon.colcon_core.package_identification:_identify(.) by extensions ['python_setup_py']
[0.152s] Level 1:colcon.colcon_core.package_identification:_identify(.) by extension 'python_setup_py'
[0.152s] Level 1:colcon.colcon_core.package_identification:_identify(build) by extensions ['ignore', 'ignore_ament_install']
[0.152s] Level 1:colcon.colcon_core.package_identification:_identify(build) by extension 'ignore'
[0.152s] Level 1:colcon.colcon_core.package_identification:_identify(build) ignored
[0.152s] Level 1:colcon.colcon_core.package_identification:_identify(install) by extensions ['ignore', 'ignore_ament_install']
[0.152s] Level 1:colcon.colcon_core.package_identification:_identify(install) by extension 'ignore'
[0.152s] Level 1:colcon.colcon_core.package_identification:_identify(install) ignored
[0.152s] Level 1:colcon.colcon_core.package_identification:_identify(log) by extensions ['ignore', 'ignore_ament_install']
[0.152s] Level 1:colcon.colcon_core.package_identification:_identify(log) by extension 'ignore'
[0.152s] Level 1:colcon.colcon_core.package_identification:_identify(log) ignored
[0.152s] Level 1:colcon.colcon_core.package_identification:_identify(src) by extensions ['ignore', 'ignore_ament_install']
[0.153s] Level 1:colcon.colcon_core.package_identification:_identify(src) by extension 'ignore'
[0.153s] Level 1:colcon.colcon_core.package_identification:_identify(src) by extension 'ignore_ament_install'
[0.153s] Level 1:colcon.colcon_core.package_identification:_identify(src) by extensions ['colcon_pkg']
[0.153s] Level 1:colcon.colcon_core.package_identification:_identify(src) by extension 'colcon_pkg'
[0.153s] Level 1:colcon.colcon_core.package_identification:_identify(src) by extensions ['colcon_meta']
[0.153s] Level 1:colcon.colcon_core.package_identification:_identify(src) by extension 'colcon_meta'
[0.153s] Level 1:colcon.colcon_core.package_identification:_identify(src) by extensions ['ros']
[0.153s] Level 1:colcon.colcon_core.package_identification:_identify(src) by extension 'ros'
[0.153s] Level 1:colcon.colcon_core.package_identification:_identify(src) by extensions ['cmake', 'python']
[0.153s] Level 1:colcon.colcon_core.package_identification:_identify(src) by extension 'cmake'
[0.153s] Level 1:colcon.colcon_core.package_identification:_identify(src) by extension 'python'
[0.153s] Level 1:colcon.colcon_core.package_identification:_identify(src) by extensions ['python_setup_py']
[0.153s] Level 1:colcon.colcon_core.package_identification:_identify(src) by extension 'python_setup_py'
[0.153s] Level 1:colcon.colcon_core.package_identification:_identify(src/robotics_model_3DOF) by extensions ['ignore', 'ignore_ament_install']
[0.153s] Level 1:colcon.colcon_core.package_identification:_identify(src/robotics_model_3DOF) by extension 'ignore'
[0.153s] Level 1:colcon.colcon_core.package_identification:_identify(src/robotics_model_3DOF) by extension 'ignore_ament_install'
[0.153s] Level 1:colcon.colcon_core.package_identification:_identify(src/robotics_model_3DOF) by extensions ['colcon_pkg']
[0.153s] Level 1:colcon.colcon_core.package_identification:_identify(src/robotics_model_3DOF) by extension 'colcon_pkg'
[0.153s] Level 1:colcon.colcon_core.package_identification:_identify(src/robotics_model_3DOF) by extensions ['colcon_meta']
[0.153s] Level 1:colcon.colcon_core.package_identification:_identify(src/robotics_model_3DOF) by extension 'colcon_meta'
[0.153s] Level 1:colcon.colcon_core.package_identification:_identify(src/robotics_model_3DOF) by extensions ['ros']
[0.153s] Level 1:colcon.colcon_core.package_identification:_identify(src/robotics_model_3DOF) by extension 'ros'
[0.154s] DEBUG:colcon.colcon_core.package_identification:Package 'src/robotics_model_3DOF' with type 'ros.ament_cmake' and name 'robotics_model_3DOF'
[0.154s] Level 1:colcon.colcon_core.package_discovery:discover_packages(recursive) using defaults
[0.154s] Level 1:colcon.colcon_core.package_discovery:discover_packages(ignore) discover
[0.154s] Level 1:colcon.colcon_core.package_discovery:discover_packages(ignore) using defaults
[0.154s] Level 1:colcon.colcon_core.package_discovery:discover_packages(path) discover
[0.154s] Level 1:colcon.colcon_core.package_discovery:discover_packages(path) using defaults
[0.170s] Level 1:colcon.colcon_core.package_discovery:discover_packages(prefix_path) check parameters
[0.170s] Level 1:colcon.colcon_core.package_discovery:discover_packages(prefix_path) discover
[0.171s] DEBUG:colcon.colcon_installed_package_information.package_discovery:Found 8 installed packages in /home/teety/carver_ws/install
[0.172s] DEBUG:colcon.colcon_installed_package_information.package_discovery:Found 3 installed packages in /home/teety/URDF_ws/install
[0.172s] DEBUG:colcon.colcon_installed_package_information.package_discovery:Found 1 installed packages in /home/teety/GitHub/ROS2-Exam-1/install
[0.172s] DEBUG:colcon.colcon_installed_package_information.package_discovery:Found 0 installed packages in /home/teety/ros2_exam/install
[0.172s] DEBUG:colcon.colcon_installed_package_information.package_discovery:Found 0 installed packages in /home/teety/install
[0.172s] DEBUG:colcon.colcon_installed_package_information.package_discovery:Found 2 installed packages in /home/teety/GitHub/FUN3-5/install
[0.173s] DEBUG:colcon.colcon_installed_package_information.package_discovery:Found 39 installed packages in /home/teety/microros_ws/install
[0.173s] DEBUG:colcon.colcon_installed_package_information.package_discovery:Found 34 installed packages in /home/teety/ros2_ws/install
[0.174s] DEBUG:colcon.colcon_installed_package_information.package_discovery:Found 375 installed packages in /opt/ros/humble
[0.175s] Level 1:colcon.colcon_core.package_discovery:discover_packages(prefix_path) using defaults
[0.198s] Level 5:colcon.colcon_core.verb:set package 'robotics_model_3DOF' build argument 'cmake_args' from command line to 'None'
[0.198s] Level 5:colcon.colcon_core.verb:set package 'robotics_model_3DOF' build argument 'cmake_target' from command line to 'None'
[0.198s] Level 5:colcon.colcon_core.verb:set package 'robotics_model_3DOF' build argument 'cmake_target_skip_unavailable' from command line to 'False'
[0.198s] Level 5:colcon.colcon_core.verb:set package 'robotics_model_3DOF' build argument 'cmake_clean_cache' from command line to 'False'
[0.198s] Level 5:colcon.colcon_core.verb:set package 'robotics_model_3DOF' build argument 'cmake_clean_first' from command line to 'False'
[0.198s] Level 5:colcon.colcon_core.verb:set package 'robotics_model_3DOF' build argument 'cmake_force_configure' from command line to 'False'
[0.198s] Level 5:colcon.colcon_core.verb:set package 'robotics_model_3DOF' build argument 'ament_cmake_args' from command line to 'None'
[0.198s] Level 5:colcon.colcon_core.verb:set package 'robotics_model_3DOF' build argument 'catkin_cmake_args' from command line to 'None'
[0.198s] Level 5:colcon.colcon_core.verb:set package 'robotics_model_3DOF' build argument 'catkin_skip_building_tests' from command line to 'False'
[0.198s] DEBUG:colcon.colcon_core.verb:Building package 'robotics_model_3DOF' with the following arguments: {'ament_cmake_args': None, 'build_base': '/home/teety/GitHub/FUN4/build/robotics_model_3DOF', 'catkin_cmake_args': None, 'catkin_skip_building_tests': False, 'cmake_args': None, 'cmake_clean_cache': False, 'cmake_clean_first': False, 'cmake_force_configure': False, 'cmake_target': None, 'cmake_target_skip_unavailable': False, 'install_base': '/home/teety/GitHub/FUN4/install/robotics_model_3DOF', 'merge_install': False, 'path': '/home/teety/GitHub/FUN4/src/robotics_model_3DOF', 'symlink_install': False, 'test_result_base': None}
[0.198s] INFO:colcon.colcon_core.executor:Executing jobs using 'parallel' executor
[0.199s] DEBUG:colcon.colcon_parallel_executor.executor.parallel:run_until_complete
[0.199s] INFO:colcon.colcon_ros.task.ament_cmake.build:Building ROS package in '/home/teety/GitHub/FUN4/src/robotics_model_3DOF' with build type 'ament_cmake'
[0.199s] INFO:colcon.colcon_cmake.task.cmake.build:Building CMake package in '/home/teety/GitHub/FUN4/src/robotics_model_3DOF'
[0.200s] INFO:colcon.colcon_core.plugin_system:Skipping extension 'colcon_core.shell.bat': Not used on non-Windows systems
[0.200s] INFO:colcon.colcon_core.shell:Skip shell extension 'powershell' for command environment: Not usable outside of PowerShell
[0.200s] DEBUG:colcon.colcon_core.shell:Skip shell extension 'dsv' for command environment
[0.209s] DEBUG:colcon.colcon_core.event_handler.log_command:Invoking command in '/home/teety/GitHub/FUN4/build/robotics_model_3DOF': CMAKE_PREFIX_PATH=${CMAKE_PREFIX_PATH}:/home/teety/ros2_ws/install/launch_testing_examples:/home/teety/ros2_ws/install/examples_rclpy_pointcloud_publisher:/home/teety/ros2_ws/install/examples_rclpy_minimal_subscriber:/home/teety/ros2_ws/install/examples_rclpy_minimal_service:/home/teety/ros2_ws/install/examples_rclpy_minimal_publisher:/home/teety/ros2_ws/install/examples_rclpy_minimal_client:/home/teety/ros2_ws/install/examples_rclpy_minimal_action_server:/home/teety/ros2_ws/install/examples_rclpy_minimal_action_client:/home/teety/ros2_ws/install/examples_rclpy_guard_conditions:/home/teety/ros2_ws/install/examples_rclpy_executors:/home/teety/microros_ws/install/sensor_msgs_py:/opt/ros/humble /usr/local/bin/cmake --build /home/teety/GitHub/FUN4/build/robotics_model_3DOF -- -j20 -l20
[0.437s] DEBUG:colcon.colcon_core.event_handler.log_command:Invoked command in '/home/teety/GitHub/FUN4/build/robotics_model_3DOF' returned '0': CMAKE_PREFIX_PATH=${CMAKE_PREFIX_PATH}:/home/teety/ros2_ws/install/launch_testing_examples:/home/teety/ros2_ws/install/examples_rclpy_pointcloud_publisher:/home/teety/ros2_ws/install/examples_rclpy_minimal_subscriber:/home/teety/ros2_ws/install/examples_rclpy_minimal_service:/home/teety/ros2_ws/install/examples_rclpy_minimal_publisher:/home/teety/ros2_ws/install/examples_rclpy_minimal_client:/home/teety/ros2_ws/install/examples_rclpy_minimal_action_server:/home/teety/ros2_ws/install/examples_rclpy_minimal_action_client:/home/teety/ros2_ws/install/examples_rclpy_guard_conditions:/home/teety/ros2_ws/install/examples_rclpy_executors:/home/teety/microros_ws/install/sensor_msgs_py:/opt/ros/humble /usr/local/bin/cmake --build /home/teety/GitHub/FUN4/build/robotics_model_3DOF -- -j20 -l20
[0.472s] DEBUG:colcon.colcon_core.event_handler.log_command:Invoking command in '/home/teety/GitHub/FUN4/build/robotics_model_3DOF': CMAKE_PREFIX_PATH=${CMAKE_PREFIX_PATH}:/home/teety/ros2_ws/install/launch_testing_examples:/home/teety/ros2_ws/install/examples_rclpy_pointcloud_publisher:/home/teety/ros2_ws/install/examples_rclpy_minimal_subscriber:/home/teety/ros2_ws/install/examples_rclpy_minimal_service:/home/teety/ros2_ws/install/examples_rclpy_minimal_publisher:/home/teety/ros2_ws/install/examples_rclpy_minimal_client:/home/teety/ros2_ws/install/examples_rclpy_minimal_action_server:/home/teety/ros2_ws/install/examples_rclpy_minimal_action_client:/home/teety/ros2_ws/install/examples_rclpy_guard_conditions:/home/teety/ros2_ws/install/examples_rclpy_executors:/home/teety/microros_ws/install/sensor_msgs_py:/opt/ros/humble /usr/local/bin/cmake --install /home/teety/GitHub/FUN4/build/robotics_model_3DOF
[0.509s] Level 1:colcon.colcon_core.environment:create_environment_scripts_only(robotics_model_3DOF)
[0.510s] DEBUG:colcon.colcon_core.event_handler.log_command:Invoked command in '/home/teety/GitHub/FUN4/build/robotics_model_3DOF' returned '0': CMAKE_PREFIX_PATH=${CMAKE_PREFIX_PATH}:/home/teety/ros2_ws/install/launch_testing_examples:/home/teety/ros2_ws/install/examples_rclpy_pointcloud_publisher:/home/teety/ros2_ws/install/examples_rclpy_minimal_subscriber:/home/teety/ros2_ws/install/examples_rclpy_minimal_service:/home/teety/ros2_ws/install/examples_rclpy_minimal_publisher:/home/teety/ros2_ws/install/examples_rclpy_minimal_client:/home/teety/ros2_ws/install/examples_rclpy_minimal_action_server:/home/teety/ros2_ws/install/examples_rclpy_minimal_action_client:/home/teety/ros2_ws/install/examples_rclpy_guard_conditions:/home/teety/ros2_ws/install/examples_rclpy_executors:/home/teety/microros_ws/install/sensor_msgs_py:/opt/ros/humble /usr/local/bin/cmake --install /home/teety/GitHub/FUN4/build/robotics_model_3DOF
[0.511s] Level 1:colcon.colcon_core.environment:checking '/home/teety/GitHub/FUN4/install/robotics_model_3DOF' for CMake module files
[0.511s] Level 1:colcon.colcon_core.environment:checking '/home/teety/GitHub/FUN4/install/robotics_model_3DOF' for CMake config files
[0.511s] Level 1:colcon.colcon_core.shell:create_environment_hook('robotics_model_3DOF', 'cmake_prefix_path')
[0.511s] INFO:colcon.colcon_core.shell:Creating environment hook '/home/teety/GitHub/FUN4/install/robotics_model_3DOF/share/robotics_model_3DOF/hook/cmake_prefix_path.ps1'
[0.512s] INFO:colcon.colcon_core.shell:Creating environment descriptor '/home/teety/GitHub/FUN4/install/robotics_model_3DOF/share/robotics_model_3DOF/hook/cmake_prefix_path.dsv'
[0.512s] INFO:colcon.colcon_core.shell:Creating environment hook '/home/teety/GitHub/FUN4/install/robotics_model_3DOF/share/robotics_model_3DOF/hook/cmake_prefix_path.sh'
[0.512s] Level 1:colcon.colcon_core.environment:checking '/home/teety/GitHub/FUN4/install/robotics_model_3DOF/lib'
[0.512s] Level 1:colcon.colcon_core.environment:checking '/home/teety/GitHub/FUN4/install/robotics_model_3DOF/bin'
[0.512s] Level 1:colcon.colcon_core.environment:checking '/home/teety/GitHub/FUN4/install/robotics_model_3DOF/lib/pkgconfig/robotics_model_3DOF.pc'
[0.513s] Level 1:colcon.colcon_core.environment:checking '/home/teety/GitHub/FUN4/install/robotics_model_3DOF/lib/python3.10/site-packages'
[0.513s] Level 1:colcon.colcon_core.environment:checking '/home/teety/GitHub/FUN4/install/robotics_model_3DOF/bin'
[0.513s] INFO:colcon.colcon_core.shell:Creating package script '/home/teety/GitHub/FUN4/install/robotics_model_3DOF/share/robotics_model_3DOF/package.ps1'
[0.513s] INFO:colcon.colcon_core.shell:Creating package descriptor '/home/teety/GitHub/FUN4/install/robotics_model_3DOF/share/robotics_model_3DOF/package.dsv'
[0.513s] INFO:colcon.colcon_core.shell:Creating package script '/home/teety/GitHub/FUN4/install/robotics_model_3DOF/share/robotics_model_3DOF/package.sh'
[0.514s] INFO:colcon.colcon_core.shell:Creating package script '/home/teety/GitHub/FUN4/install/robotics_model_3DOF/share/robotics_model_3DOF/package.bash'
[0.514s] INFO:colcon.colcon_core.shell:Creating package script '/home/teety/GitHub/FUN4/install/robotics_model_3DOF/share/robotics_model_3DOF/package.zsh'
[0.514s] Level 1:colcon.colcon_core.environment:create_file_with_runtime_dependencies(/home/teety/GitHub/FUN4/install/robotics_model_3DOF/share/colcon-core/packages/robotics_model_3DOF)
[0.544s] Level 1:colcon.colcon_core.environment:create_environment_scripts_only(robotics_model_3DOF)
[0.544s] Level 1:colcon.colcon_core.environment:checking '/home/teety/GitHub/FUN4/install/robotics_model_3DOF' for CMake module files
[0.544s] Level 1:colcon.colcon_core.environment:checking '/home/teety/GitHub/FUN4/install/robotics_model_3DOF' for CMake config files
[0.544s] Level 1:colcon.colcon_core.shell:create_environment_hook('robotics_model_3DOF', 'cmake_prefix_path')
[0.544s] INFO:colcon.colcon_core.shell:Creating environment hook '/home/teety/GitHub/FUN4/install/robotics_model_3DOF/share/robotics_model_3DOF/hook/cmake_prefix_path.ps1'
[0.544s] INFO:colcon.colcon_core.shell:Creating environment descriptor '/home/teety/GitHub/FUN4/install/robotics_model_3DOF/share/robotics_model_3DOF/hook/cmake_prefix_path.dsv'
[0.545s] INFO:colcon.colcon_core.shell:Creating environment hook '/home/teety/GitHub/FUN4/install/robotics_model_3DOF/share/robotics_model_3DOF/hook/cmake_prefix_path.sh'
[0.545s] Level 1:colcon.colcon_core.environment:checking '/home/teety/GitHub/FUN4/install/robotics_model_3DOF/lib'
[0.545s] Level 1:colcon.colcon_core.environment:checking '/home/teety/GitHub/FUN4/install/robotics_model_3DOF/bin'
[0.545s] Level 1:colcon.colcon_core.environment:checking '/home/teety/GitHub/FUN4/install/robotics_model_3DOF/lib/pkgconfig/robotics_model_3DOF.pc'
[0.545s] Level 1:colcon.colcon_core.environment:checking '/home/teety/GitHub/FUN4/install/robotics_model_3DOF/lib/python3.10/site-packages'
[0.545s] Level 1:colcon.colcon_core.environment:checking '/home/teety/GitHub/FUN4/install/robotics_model_3DOF/bin'
[0.545s] INFO:colcon.colcon_core.shell:Creating package script '/home/teety/GitHub/FUN4/install/robotics_model_3DOF/share/robotics_model_3DOF/package.ps1'
[0.545s] INFO:colcon.colcon_core.shell:Creating package descriptor '/home/teety/GitHub/FUN4/install/robotics_model_3DOF/share/robotics_model_3DOF/package.dsv'
[0.546s] INFO:colcon.colcon_core.shell:Creating package script '/home/teety/GitHub/FUN4/install/robotics_model_3DOF/share/robotics_model_3DOF/package.sh'
[0.546s] INFO:colcon.colcon_core.shell:Creating package script '/home/teety/GitHub/FUN4/install/robotics_model_3DOF/share/robotics_model_3DOF/package.bash'
[0.546s] INFO:colcon.colcon_core.shell:Creating package script '/home/teety/GitHub/FUN4/install/robotics_model_3DOF/share/robotics_model_3DOF/package.zsh'
[0.546s] Level 1:colcon.colcon_core.environment:create_file_with_runtime_dependencies(/home/teety/GitHub/FUN4/install/robotics_model_3DOF/share/colcon-core/packages/robotics_model_3DOF)
[0.546s] DEBUG:colcon.colcon_parallel_executor.executor.parallel:closing loop
[0.546s] DEBUG:colcon.colcon_parallel_executor.executor.parallel:loop closed
[0.546s] DEBUG:colcon.colcon_parallel_executor.executor.parallel:run_until_complete finished with '0'
[0.546s] DEBUG:colcon.colcon_core.event_reactor:joining thread
[0.550s] INFO:colcon.colcon_core.plugin_system:Skipping extension 'colcon_notification.desktop_notification.terminal_notifier': Not used on non-Darwin systems
[0.550s] INFO:colcon.colcon_core.plugin_system:Skipping extension 'colcon_notification.desktop_notification.win32': Not used on non-Windows systems
[0.550s] INFO:colcon.colcon_notification.desktop_notification:Sending desktop notification using 'notify2'
[0.559s] DEBUG:colcon.colcon_core.event_reactor:joined thread
[0.559s] INFO:colcon.colcon_core.shell:Creating prefix script '/home/teety/GitHub/FUN4/install/local_setup.ps1'
[0.560s] INFO:colcon.colcon_core.shell:Creating prefix util module '/home/teety/GitHub/FUN4/install/_local_setup_util_ps1.py'
[0.561s] INFO:colcon.colcon_core.shell:Creating prefix chain script '/home/teety/GitHub/FUN4/install/setup.ps1'
[0.562s] INFO:colcon.colcon_core.shell:Creating prefix script '/home/teety/GitHub/FUN4/install/local_setup.sh'
[0.563s] INFO:colcon.colcon_core.shell:Creating prefix util module '/home/teety/GitHub/FUN4/install/_local_setup_util_sh.py'
[0.563s] INFO:colcon.colcon_core.shell:Creating prefix chain script '/home/teety/GitHub/FUN4/install/setup.sh'
[0.565s] INFO:colcon.colcon_core.shell:Creating prefix script '/home/teety/GitHub/FUN4/install/local_setup.bash'
[0.565s] INFO:colcon.colcon_core.shell:Creating prefix chain script '/home/teety/GitHub/FUN4/install/setup.bash'
[0.566s] INFO:colcon.colcon_core.shell:Creating prefix script '/home/teety/GitHub/FUN4/install/local_setup.zsh'
[0.567s] INFO:colcon.colcon_core.shell:Creating prefix chain script '/home/teety/GitHub/FUN4/install/setup.zsh'
