[35m[1mConsolidate compiler generated dependencies of target cpp_node_test[0m
[100%] Built target cpp_node_test
[100%] Built target ament_cmake_python_copy_robotics_model_3DOF
running egg_info
writing robotics_model_3DOF.egg-info/PKG-INFO
writing dependency_links to robotics_model_3DOF.egg-info/dependency_links.txt
writing top-level names to robotics_model_3DOF.egg-info/top_level.txt
reading manifest file 'robotics_model_3DOF.egg-info/SOURCES.txt'
writing manifest file 'robotics_model_3DOF.egg-info/SOURCES.txt'
[100%] Built target ament_cmake_python_build_robotics_model_3DOF_egg
-- Install configuration: ""
-- Up-to-date: /home/teety/GitHub/FUN4/install/robotics_model_3DOF/share/robotics_model_3DOF/environment/pythonpath.sh
-- Up-to-date: /home/teety/GitHub/FUN4/install/robotics_model_3DOF/share/robotics_model_3DOF/environment/pythonpath.dsv
-- Up-to-date: /home/teety/GitHub/FUN4/install/robotics_model_3DOF/local/lib/python3.10/dist-packages/robotics_model_3DOF-0.0.0-py3.10.egg-info
-- Installing: /home/teety/GitHub/FUN4/install/robotics_model_3DOF/local/lib/python3.10/dist-packages/robotics_model_3DOF-0.0.0-py3.10.egg-info/top_level.txt
-- Installing: /home/teety/GitHub/FUN4/install/robotics_model_3DOF/local/lib/python3.10/dist-packages/robotics_model_3DOF-0.0.0-py3.10.egg-info/dependency_links.txt
-- Installing: /home/teety/GitHub/FUN4/install/robotics_model_3DOF/local/lib/python3.10/dist-packages/robotics_model_3DOF-0.0.0-py3.10.egg-info/PKG-INFO
-- Installing: /home/teety/GitHub/FUN4/install/robotics_model_3DOF/local/lib/python3.10/dist-packages/robotics_model_3DOF-0.0.0-py3.10.egg-info/SOURCES.txt
-- Up-to-date: /home/teety/GitHub/FUN4/install/robotics_model_3DOF/local/lib/python3.10/dist-packages/robotics_model_3DOF
-- Up-to-date: /home/teety/GitHub/FUN4/install/robotics_model_3DOF/local/lib/python3.10/dist-packages/robotics_model_3DOF/__init__.py
-- Up-to-date: /home/teety/GitHub/FUN4/install/robotics_model_3DOF/local/lib/python3.10/dist-packages/robotics_model_3DOF/dummy_module.py
Listing '/home/teety/GitHub/FUN4/install/robotics_model_3DOF/local/lib/python3.10/dist-packages/robotics_model_3DOF'...
-- Up-to-date: /home/teety/GitHub/FUN4/install/robotics_model_3DOF/lib/robotics_model_3DOF/target_randomizer.py
-- Up-to-date: /home/teety/GitHub/FUN4/install/robotics_model_3DOF/lib/robotics_model_3DOF/cpp_node_test
-- Up-to-date: /home/teety/GitHub/FUN4/install/robotics_model_3DOF/share/robotics_model_3DOF
-- Up-to-date: /home/teety/GitHub/FUN4/install/robotics_model_3DOF/share/ament_index/resource_index/package_run_dependencies/robotics_model_3DOF
-- Up-to-date: /home/teety/GitHub/FUN4/install/robotics_model_3DOF/share/ament_index/resource_index/parent_prefix_path/robotics_model_3DOF
-- Up-to-date: /home/teety/GitHub/FUN4/install/robotics_model_3DOF/share/robotics_model_3DOF/environment/ament_prefix_path.sh
-- Up-to-date: /home/teety/GitHub/FUN4/install/robotics_model_3DOF/share/robotics_model_3DOF/environment/ament_prefix_path.dsv
-- Up-to-date: /home/teety/GitHub/FUN4/install/robotics_model_3DOF/share/robotics_model_3DOF/environment/path.sh
-- Up-to-date: /home/teety/GitHub/FUN4/install/robotics_model_3DOF/share/robotics_model_3DOF/environment/path.dsv
-- Up-to-date: /home/teety/GitHub/FUN4/install/robotics_model_3DOF/share/robotics_model_3DOF/local_setup.bash
-- Up-to-date: /home/teety/GitHub/FUN4/install/robotics_model_3DOF/share/robotics_model_3DOF/local_setup.sh
-- Up-to-date: /home/teety/GitHub/FUN4/install/robotics_model_3DOF/share/robotics_model_3DOF/local_setup.zsh
-- Up-to-date: /home/teety/GitHub/FUN4/install/robotics_model_3DOF/share/robotics_model_3DOF/local_setup.dsv
-- Up-to-date: /home/teety/GitHub/FUN4/install/robotics_model_3DOF/share/robotics_model_3DOF/package.dsv
-- Up-to-date: /home/teety/GitHub/FUN4/install/robotics_model_3DOF/share/ament_index/resource_index/packages/robotics_model_3DOF
-- Up-to-date: /home/teety/GitHub/FUN4/install/robotics_model_3DOF/share/robotics_model_3DOF/cmake/robotics_model_3DOFConfig.cmake
-- Up-to-date: /home/teety/GitHub/FUN4/install/robotics_model_3DOF/share/robotics_model_3DOF/cmake/robotics_model_3DOFConfig-version.cmake
-- Up-to-date: /home/teety/GitHub/FUN4/install/robotics_model_3DOF/share/robotics_model_3DOF/package.xml
