-- The C compiler identification is GNU 11.4.0
-- The CXX compiler identification is GNU 11.4.0
-- Detecting C compiler ABI info
-- Detecting C compiler ABI info - done
-- Check for working C compiler: /usr/bin/cc - skipped
-- Detecting C compile features
-- Detecting C compile features - done
-- Detecting CXX compiler ABI info
-- Detecting CXX compiler ABI info - done
-- Check for working CXX compiler: /usr/bin/c++ - skipped
-- Detecting CXX compile features
-- Detecting CXX compile features - done
-- Found ament_cmake: 1.3.10 (/opt/ros/humble/share/ament_cmake/cmake)
-- Found Python3: /usr/bin/python3 (found version "3.10.12") found components: Interpreter 
-- Found rclcpp: 16.0.10 (/opt/ros/humble/share/rclcpp/cmake)
-- Found rosidl_generator_c: 3.1.5 (/opt/ros/humble/share/rosidl_generator_c/cmake)
-- Found rosidl_adapter: 3.1.5 (/opt/ros/humble/share/rosidl_adapter/cmake)
-- Found rosidl_generator_cpp: 3.1.5 (/opt/ros/humble/share/rosidl_generator_cpp/cmake)
-- Using all available rosidl_typesupport_c: rosidl_typesupport_microxrcedds_c;rosidl_typesupport_fastrtps_c;rosidl_typesupport_introspection_c
-- Using all available rosidl_typesupport_cpp: rosidl_typesupport_microxrcedds_cpp;rosidl_typesupport_fastrtps_cpp;rosidl_typesupport_introspection_cpp
-- Found rmw_implementation_cmake: 6.1.2 (/opt/ros/humble/share/rmw_implementation_cmake/cmake)
-- Found rmw_fastrtps_cpp: 6.2.7 (/opt/ros/humble/share/rmw_fastrtps_cpp/cmake)
-- Found OpenSSL: /usr/lib/x86_64-linux-gnu/libcrypto.so (found version "3.0.2")  
-- Found FastRTPS: /opt/ros/humble/include  
-- Using RMW implementation 'rmw_fastrtps_cpp' as default
-- Looking for pthread.h
-- Looking for pthread.h - found
-- Performing Test CMAKE_HAVE_LIBC_PTHREAD
-- Performing Test CMAKE_HAVE_LIBC_PTHREAD - Success
-- Found Threads: TRUE  
-- Found rclpy: 3.3.14 (/opt/ros/humble/share/rclpy/cmake)
-- Configuring done
-- Generating done
-- Build files have been written to: /home/teety/GitHub/FUN4/build/robotics_model_3DOF
[ 50%] [32mBuilding CXX object CMakeFiles/cpp_node_test.dir/src/cpp_node.cpp.o[0m
[ 50%] Built target ament_cmake_python_copy_robotics_model_3DOF
[100%] [32m[1mLinking CXX executable cpp_node_test[0m
running egg_info
creating robotics_model_3DOF.egg-info
writing robotics_model_3DOF.egg-info/PKG-INFO
writing dependency_links to robotics_model_3DOF.egg-info/dependency_links.txt
writing top-level names to robotics_model_3DOF.egg-info/top_level.txt
writing manifest file 'robotics_model_3DOF.egg-info/SOURCES.txt'
reading manifest file 'robotics_model_3DOF.egg-info/SOURCES.txt'
writing manifest file 'robotics_model_3DOF.egg-info/SOURCES.txt'
[100%] Built target cpp_node_test
[100%] Built target ament_cmake_python_build_robotics_model_3DOF_egg
-- Install configuration: ""
-- Installing: /home/teety/GitHub/FUN4/install/robotics_model_3DOF/share/robotics_model_3DOF/environment/pythonpath.sh
-- Installing: /home/teety/GitHub/FUN4/install/robotics_model_3DOF/share/robotics_model_3DOF/environment/pythonpath.dsv
-- Installing: /home/teety/GitHub/FUN4/install/robotics_model_3DOF/local/lib/python3.10/dist-packages/robotics_model_3DOF-0.0.0-py3.10.egg-info
-- Installing: /home/teety/GitHub/FUN4/install/robotics_model_3DOF/local/lib/python3.10/dist-packages/robotics_model_3DOF-0.0.0-py3.10.egg-info/top_level.txt
-- Installing: /home/teety/GitHub/FUN4/install/robotics_model_3DOF/local/lib/python3.10/dist-packages/robotics_model_3DOF-0.0.0-py3.10.egg-info/dependency_links.txt
-- Installing: /home/teety/GitHub/FUN4/install/robotics_model_3DOF/local/lib/python3.10/dist-packages/robotics_model_3DOF-0.0.0-py3.10.egg-info/PKG-INFO
-- Installing: /home/teety/GitHub/FUN4/install/robotics_model_3DOF/local/lib/python3.10/dist-packages/robotics_model_3DOF-0.0.0-py3.10.egg-info/SOURCES.txt
-- Installing: /home/teety/GitHub/FUN4/install/robotics_model_3DOF/local/lib/python3.10/dist-packages/robotics_model_3DOF
-- Installing: /home/teety/GitHub/FUN4/install/robotics_model_3DOF/local/lib/python3.10/dist-packages/robotics_model_3DOF/__init__.py
-- Installing: /home/teety/GitHub/FUN4/install/robotics_model_3DOF/local/lib/python3.10/dist-packages/robotics_model_3DOF/dummy_module.py
Listing '/home/teety/GitHub/FUN4/install/robotics_model_3DOF/local/lib/python3.10/dist-packages/robotics_model_3DOF'...
Compiling '/home/teety/GitHub/FUN4/install/robotics_model_3DOF/local/lib/python3.10/dist-packages/robotics_model_3DOF/__init__.py'...
Compiling '/home/teety/GitHub/FUN4/install/robotics_model_3DOF/local/lib/python3.10/dist-packages/robotics_model_3DOF/dummy_module.py'...
-- Installing: /home/teety/GitHub/FUN4/install/robotics_model_3DOF/lib/robotics_model_3DOF/target_randomizer.py
-- Installing: /home/teety/GitHub/FUN4/install/robotics_model_3DOF/lib/robotics_model_3DOF/cpp_node_test
-- Set runtime path of "/home/teety/GitHub/FUN4/install/robotics_model_3DOF/lib/robotics_model_3DOF/cpp_node_test" to ""
-- Up-to-date: /home/teety/GitHub/FUN4/install/robotics_model_3DOF/share/robotics_model_3DOF
-- Installing: /home/teety/GitHub/FUN4/install/robotics_model_3DOF/share/ament_index/resource_index/package_run_dependencies/robotics_model_3DOF
-- Installing: /home/teety/GitHub/FUN4/install/robotics_model_3DOF/share/ament_index/resource_index/parent_prefix_path/robotics_model_3DOF
-- Installing: /home/teety/GitHub/FUN4/install/robotics_model_3DOF/share/robotics_model_3DOF/environment/ament_prefix_path.sh
-- Installing: /home/teety/GitHub/FUN4/install/robotics_model_3DOF/share/robotics_model_3DOF/environment/ament_prefix_path.dsv
-- Installing: /home/teety/GitHub/FUN4/install/robotics_model_3DOF/share/robotics_model_3DOF/environment/path.sh
-- Installing: /home/teety/GitHub/FUN4/install/robotics_model_3DOF/share/robotics_model_3DOF/environment/path.dsv
-- Installing: /home/teety/GitHub/FUN4/install/robotics_model_3DOF/share/robotics_model_3DOF/local_setup.bash
-- Installing: /home/teety/GitHub/FUN4/install/robotics_model_3DOF/share/robotics_model_3DOF/local_setup.sh
-- Installing: /home/teety/GitHub/FUN4/install/robotics_model_3DOF/share/robotics_model_3DOF/local_setup.zsh
-- Installing: /home/teety/GitHub/FUN4/install/robotics_model_3DOF/share/robotics_model_3DOF/local_setup.dsv
-- Installing: /home/teety/GitHub/FUN4/install/robotics_model_3DOF/share/robotics_model_3DOF/package.dsv
-- Installing: /home/teety/GitHub/FUN4/install/robotics_model_3DOF/share/ament_index/resource_index/packages/robotics_model_3DOF
-- Installing: /home/teety/GitHub/FUN4/install/robotics_model_3DOF/share/robotics_model_3DOF/cmake/robotics_model_3DOFConfig.cmake
-- Installing: /home/teety/GitHub/FUN4/install/robotics_model_3DOF/share/robotics_model_3DOF/cmake/robotics_model_3DOFConfig-version.cmake
-- Installing: /home/teety/GitHub/FUN4/install/robotics_model_3DOF/share/robotics_model_3DOF/package.xml
