[0.010s] Invoking command in '/home/teety/GitHub/FUN4/build/robotics_model_3DOF': CMAKE_PREFIX_PATH=${CMAKE_PREFIX_PATH}:/home/teety/ros2_ws/install/launch_testing_examples:/home/teety/ros2_ws/install/examples_rclpy_pointcloud_publisher:/home/teety/ros2_ws/install/examples_rclpy_minimal_subscriber:/home/teety/ros2_ws/install/examples_rclpy_minimal_service:/home/teety/ros2_ws/install/examples_rclpy_minimal_publisher:/home/teety/ros2_ws/install/examples_rclpy_minimal_client:/home/teety/ros2_ws/install/examples_rclpy_minimal_action_server:/home/teety/ros2_ws/install/examples_rclpy_minimal_action_client:/home/teety/ros2_ws/install/examples_rclpy_guard_conditions:/home/teety/ros2_ws/install/examples_rclpy_executors:/home/teety/microros_ws/install/sensor_msgs_py:/opt/ros/humble /usr/local/bin/cmake /home/teety/GitHub/FUN4/src/robotics_model_3DOF -DCMAKE_INSTALL_PREFIX=/home/teety/GitHub/FUN4/install/robotics_model_3DOF
[0.050s] -- The C compiler identification is GNU 11.4.0
[0.085s] -- The CXX compiler identification is GNU 11.4.0
[0.089s] -- Detecting C compiler ABI info
[0.141s] -- Detecting C compiler ABI info - done
[0.145s] -- Check for working C compiler: /usr/bin/cc - skipped
[0.145s] -- Detecting C compile features
[0.145s] -- Detecting C compile features - done
[0.147s] -- Detecting CXX compiler ABI info
[0.203s] -- Detecting CXX compiler ABI info - done
[0.207s] -- Check for working CXX compiler: /usr/bin/c++ - skipped
[0.207s] -- Detecting CXX compile features
[0.207s] -- Detecting CXX compile features - done
[0.211s] -- Found ament_cmake: 1.3.10 (/opt/ros/humble/share/ament_cmake/cmake)
[0.342s] -- Found Python3: /usr/bin/python3 (found version "3.10.12") found components: Interpreter 
[0.437s] -- Found rclcpp: 16.0.10 (/opt/ros/humble/share/rclcpp/cmake)
[0.485s] -- Found rosidl_generator_c: 3.1.5 (/opt/ros/humble/share/rosidl_generator_c/cmake)
[0.493s] -- Found rosidl_adapter: 3.1.5 (/opt/ros/humble/share/rosidl_adapter/cmake)
[0.502s] -- Found rosidl_generator_cpp: 3.1.5 (/opt/ros/humble/share/rosidl_generator_cpp/cmake)
[0.515s] -- Using all available rosidl_typesupport_c: rosidl_typesupport_microxrcedds_c;rosidl_typesupport_fastrtps_c;rosidl_typesupport_introspection_c
[0.541s] -- Using all available rosidl_typesupport_cpp: rosidl_typesupport_microxrcedds_cpp;rosidl_typesupport_fastrtps_cpp;rosidl_typesupport_introspection_cpp
[0.596s] -- Found rmw_implementation_cmake: 6.1.2 (/opt/ros/humble/share/rmw_implementation_cmake/cmake)
[0.602s] -- Found rmw_fastrtps_cpp: 6.2.7 (/opt/ros/humble/share/rmw_fastrtps_cpp/cmake)
[0.689s] -- Found OpenSSL: /usr/lib/x86_64-linux-gnu/libcrypto.so (found version "3.0.2")  
[0.709s] -- Found FastRTPS: /opt/ros/humble/include  
[0.742s] -- Using RMW implementation 'rmw_fastrtps_cpp' as default
[0.754s] -- Looking for pthread.h
[0.808s] -- Looking for pthread.h - found
[0.808s] -- Performing Test CMAKE_HAVE_LIBC_PTHREAD
[0.866s] -- Performing Test CMAKE_HAVE_LIBC_PTHREAD - Success
[0.867s] -- Found Threads: TRUE  
[0.904s] -- Found rclpy: 3.3.14 (/opt/ros/humble/share/rclpy/cmake)
[0.965s] WARNING: Package name "robotics_model_3DOF" does not follow the naming conventions. It should start with a lower case letter and only contain lower case letters, digits, underscores, and dashes.
[1.009s] WARNING: Package name "robotics_model_3DOF" does not follow the naming conventions. It should start with a lower case letter and only contain lower case letters, digits, underscores, and dashes.
[1.014s] -- Configuring done
[1.018s] -- Generating done
[1.018s] -- Build files have been written to: /home/teety/GitHub/FUN4/build/robotics_model_3DOF
[1.024s] Invoked command in '/home/teety/GitHub/FUN4/build/robotics_model_3DOF' returned '0': CMAKE_PREFIX_PATH=${CMAKE_PREFIX_PATH}:/home/teety/ros2_ws/install/launch_testing_examples:/home/teety/ros2_ws/install/examples_rclpy_pointcloud_publisher:/home/teety/ros2_ws/install/examples_rclpy_minimal_subscriber:/home/teety/ros2_ws/install/examples_rclpy_minimal_service:/home/teety/ros2_ws/install/examples_rclpy_minimal_publisher:/home/teety/ros2_ws/install/examples_rclpy_minimal_client:/home/teety/ros2_ws/install/examples_rclpy_minimal_action_server:/home/teety/ros2_ws/install/examples_rclpy_minimal_action_client:/home/teety/ros2_ws/install/examples_rclpy_guard_conditions:/home/teety/ros2_ws/install/examples_rclpy_executors:/home/teety/microros_ws/install/sensor_msgs_py:/opt/ros/humble /usr/local/bin/cmake /home/teety/GitHub/FUN4/src/robotics_model_3DOF -DCMAKE_INSTALL_PREFIX=/home/teety/GitHub/FUN4/install/robotics_model_3DOF
[1.025s] Invoking command in '/home/teety/GitHub/FUN4/build/robotics_model_3DOF': CMAKE_PREFIX_PATH=${CMAKE_PREFIX_PATH}:/home/teety/ros2_ws/install/launch_testing_examples:/home/teety/ros2_ws/install/examples_rclpy_pointcloud_publisher:/home/teety/ros2_ws/install/examples_rclpy_minimal_subscriber:/home/teety/ros2_ws/install/examples_rclpy_minimal_service:/home/teety/ros2_ws/install/examples_rclpy_minimal_publisher:/home/teety/ros2_ws/install/examples_rclpy_minimal_client:/home/teety/ros2_ws/install/examples_rclpy_minimal_action_server:/home/teety/ros2_ws/install/examples_rclpy_minimal_action_client:/home/teety/ros2_ws/install/examples_rclpy_guard_conditions:/home/teety/ros2_ws/install/examples_rclpy_executors:/home/teety/microros_ws/install/sensor_msgs_py:/opt/ros/humble /usr/local/bin/cmake --build /home/teety/GitHub/FUN4/build/robotics_model_3DOF -- -j20 -l20
[1.064s] [ 50%] [32mBuilding CXX object CMakeFiles/cpp_node_test.dir/src/cpp_node.cpp.o[0m
[1.073s] [ 50%] Built target ament_cmake_python_copy_robotics_model_3DOF
[1.195s] [100%] [32m[1mLinking CXX executable cpp_node_test[0m
[1.239s] running egg_info
[1.239s] creating robotics_model_3DOF.egg-info
[1.239s] writing robotics_model_3DOF.egg-info/PKG-INFO
[1.239s] writing dependency_links to robotics_model_3DOF.egg-info/dependency_links.txt
[1.239s] writing top-level names to robotics_model_3DOF.egg-info/top_level.txt
[1.239s] writing manifest file 'robotics_model_3DOF.egg-info/SOURCES.txt'
[1.240s] reading manifest file 'robotics_model_3DOF.egg-info/SOURCES.txt'
[1.241s] writing manifest file 'robotics_model_3DOF.egg-info/SOURCES.txt'
[1.258s] [100%] Built target cpp_node_test
[1.259s] [100%] Built target ament_cmake_python_build_robotics_model_3DOF_egg
[1.267s] Invoked command in '/home/teety/GitHub/FUN4/build/robotics_model_3DOF' returned '0': CMAKE_PREFIX_PATH=${CMAKE_PREFIX_PATH}:/home/teety/ros2_ws/install/launch_testing_examples:/home/teety/ros2_ws/install/examples_rclpy_pointcloud_publisher:/home/teety/ros2_ws/install/examples_rclpy_minimal_subscriber:/home/teety/ros2_ws/install/examples_rclpy_minimal_service:/home/teety/ros2_ws/install/examples_rclpy_minimal_publisher:/home/teety/ros2_ws/install/examples_rclpy_minimal_client:/home/teety/ros2_ws/install/examples_rclpy_minimal_action_server:/home/teety/ros2_ws/install/examples_rclpy_minimal_action_client:/home/teety/ros2_ws/install/examples_rclpy_guard_conditions:/home/teety/ros2_ws/install/examples_rclpy_executors:/home/teety/microros_ws/install/sensor_msgs_py:/opt/ros/humble /usr/local/bin/cmake --build /home/teety/GitHub/FUN4/build/robotics_model_3DOF -- -j20 -l20
[1.304s] Invoking command in '/home/teety/GitHub/FUN4/build/robotics_model_3DOF': CMAKE_PREFIX_PATH=${CMAKE_PREFIX_PATH}:/home/teety/ros2_ws/install/launch_testing_examples:/home/teety/ros2_ws/install/examples_rclpy_pointcloud_publisher:/home/teety/ros2_ws/install/examples_rclpy_minimal_subscriber:/home/teety/ros2_ws/install/examples_rclpy_minimal_service:/home/teety/ros2_ws/install/examples_rclpy_minimal_publisher:/home/teety/ros2_ws/install/examples_rclpy_minimal_client:/home/teety/ros2_ws/install/examples_rclpy_minimal_action_server:/home/teety/ros2_ws/install/examples_rclpy_minimal_action_client:/home/teety/ros2_ws/install/examples_rclpy_guard_conditions:/home/teety/ros2_ws/install/examples_rclpy_executors:/home/teety/microros_ws/install/sensor_msgs_py:/opt/ros/humble /usr/local/bin/cmake --install /home/teety/GitHub/FUN4/build/robotics_model_3DOF
[1.309s] -- Install configuration: ""
[1.309s] -- Installing: /home/teety/GitHub/FUN4/install/robotics_model_3DOF/share/robotics_model_3DOF/environment/pythonpath.sh
[1.309s] -- Installing: /home/teety/GitHub/FUN4/install/robotics_model_3DOF/share/robotics_model_3DOF/environment/pythonpath.dsv
[1.309s] -- Installing: /home/teety/GitHub/FUN4/install/robotics_model_3DOF/local/lib/python3.10/dist-packages/robotics_model_3DOF-0.0.0-py3.10.egg-info
[1.309s] -- Installing: /home/teety/GitHub/FUN4/install/robotics_model_3DOF/local/lib/python3.10/dist-packages/robotics_model_3DOF-0.0.0-py3.10.egg-info/top_level.txt
[1.309s] -- Installing: /home/teety/GitHub/FUN4/install/robotics_model_3DOF/local/lib/python3.10/dist-packages/robotics_model_3DOF-0.0.0-py3.10.egg-info/dependency_links.txt
[1.309s] -- Installing: /home/teety/GitHub/FUN4/install/robotics_model_3DOF/local/lib/python3.10/dist-packages/robotics_model_3DOF-0.0.0-py3.10.egg-info/PKG-INFO
[1.309s] -- Installing: /home/teety/GitHub/FUN4/install/robotics_model_3DOF/local/lib/python3.10/dist-packages/robotics_model_3DOF-0.0.0-py3.10.egg-info/SOURCES.txt
[1.309s] -- Installing: /home/teety/GitHub/FUN4/install/robotics_model_3DOF/local/lib/python3.10/dist-packages/robotics_model_3DOF
[1.309s] -- Installing: /home/teety/GitHub/FUN4/install/robotics_model_3DOF/local/lib/python3.10/dist-packages/robotics_model_3DOF/__init__.py
[1.310s] -- Installing: /home/teety/GitHub/FUN4/install/robotics_model_3DOF/local/lib/python3.10/dist-packages/robotics_model_3DOF/dummy_module.py
[1.340s] Listing '/home/teety/GitHub/FUN4/install/robotics_model_3DOF/local/lib/python3.10/dist-packages/robotics_model_3DOF'...
[1.340s] Compiling '/home/teety/GitHub/FUN4/install/robotics_model_3DOF/local/lib/python3.10/dist-packages/robotics_model_3DOF/__init__.py'...
[1.340s] Compiling '/home/teety/GitHub/FUN4/install/robotics_model_3DOF/local/lib/python3.10/dist-packages/robotics_model_3DOF/dummy_module.py'...
[1.342s] -- Installing: /home/teety/GitHub/FUN4/install/robotics_model_3DOF/lib/robotics_model_3DOF/target_randomizer.py
[1.342s] -- Installing: /home/teety/GitHub/FUN4/install/robotics_model_3DOF/lib/robotics_model_3DOF/cpp_node_test
[1.342s] -- Set runtime path of "/home/teety/GitHub/FUN4/install/robotics_model_3DOF/lib/robotics_model_3DOF/cpp_node_test" to ""
[1.342s] -- Up-to-date: /home/teety/GitHub/FUN4/install/robotics_model_3DOF/share/robotics_model_3DOF
[1.342s] -- Installing: /home/teety/GitHub/FUN4/install/robotics_model_3DOF/share/ament_index/resource_index/package_run_dependencies/robotics_model_3DOF
[1.342s] -- Installing: /home/teety/GitHub/FUN4/install/robotics_model_3DOF/share/ament_index/resource_index/parent_prefix_path/robotics_model_3DOF
[1.342s] -- Installing: /home/teety/GitHub/FUN4/install/robotics_model_3DOF/share/robotics_model_3DOF/environment/ament_prefix_path.sh
[1.342s] -- Installing: /home/teety/GitHub/FUN4/install/robotics_model_3DOF/share/robotics_model_3DOF/environment/ament_prefix_path.dsv
[1.342s] -- Installing: /home/teety/GitHub/FUN4/install/robotics_model_3DOF/share/robotics_model_3DOF/environment/path.sh
[1.342s] -- Installing: /home/teety/GitHub/FUN4/install/robotics_model_3DOF/share/robotics_model_3DOF/environment/path.dsv
[1.343s] -- Installing: /home/teety/GitHub/FUN4/install/robotics_model_3DOF/share/robotics_model_3DOF/local_setup.bash
[1.343s] -- Installing: /home/teety/GitHub/FUN4/install/robotics_model_3DOF/share/robotics_model_3DOF/local_setup.sh
[1.343s] -- Installing: /home/teety/GitHub/FUN4/install/robotics_model_3DOF/share/robotics_model_3DOF/local_setup.zsh
[1.343s] -- Installing: /home/teety/GitHub/FUN4/install/robotics_model_3DOF/share/robotics_model_3DOF/local_setup.dsv
[1.343s] -- Installing: /home/teety/GitHub/FUN4/install/robotics_model_3DOF/share/robotics_model_3DOF/package.dsv
[1.343s] -- Installing: /home/teety/GitHub/FUN4/install/robotics_model_3DOF/share/ament_index/resource_index/packages/robotics_model_3DOF
[1.343s] -- Installing: /home/teety/GitHub/FUN4/install/robotics_model_3DOF/share/robotics_model_3DOF/cmake/robotics_model_3DOFConfig.cmake
[1.343s] -- Installing: /home/teety/GitHub/FUN4/install/robotics_model_3DOF/share/robotics_model_3DOF/cmake/robotics_model_3DOFConfig-version.cmake
[1.343s] -- Installing: /home/teety/GitHub/FUN4/install/robotics_model_3DOF/share/robotics_model_3DOF/package.xml
[1.343s] Invoked command in '/home/teety/GitHub/FUN4/build/robotics_model_3DOF' returned '0': CMAKE_PREFIX_PATH=${CMAKE_PREFIX_PATH}:/home/teety/ros2_ws/install/launch_testing_examples:/home/teety/ros2_ws/install/examples_rclpy_pointcloud_publisher:/home/teety/ros2_ws/install/examples_rclpy_minimal_subscriber:/home/teety/ros2_ws/install/examples_rclpy_minimal_service:/home/teety/ros2_ws/install/examples_rclpy_minimal_publisher:/home/teety/ros2_ws/install/examples_rclpy_minimal_client:/home/teety/ros2_ws/install/examples_rclpy_minimal_action_server:/home/teety/ros2_ws/install/examples_rclpy_minimal_action_client:/home/teety/ros2_ws/install/examples_rclpy_guard_conditions:/home/teety/ros2_ws/install/examples_rclpy_executors:/home/teety/microros_ws/install/sensor_msgs_py:/opt/ros/humble /usr/local/bin/cmake --install /home/teety/GitHub/FUN4/build/robotics_model_3DOF
